ERROR 2022-04-03 01:04:49,972 log Internal Server Error: /favicon.ico
ERROR 2022-04-03 01:04:51,610 log Internal Server Error: /routes/a
ERROR 2022-04-03 01:04:51,678 log Internal Server Error: /favicon.ico
ERROR 2022-04-03 01:04:56,158 log Internal Server Error: /routes/23/
ERROR 2022-04-03 01:04:56,223 log Internal Server Error: /favicon.ico
ERROR 2022-04-03 01:04:58,536 log Internal Server Error: /
ERROR 2022-04-03 01:04:58,596 log Internal Server Error: /favicon.ico
ERROR 2022-04-03 01:05:00,891 log Internal Server Error: /123
ERROR 2022-04-03 01:05:00,951 log Internal Server Error: /favicon.ico
ERROR 2022-04-03 01:05:17,327 log Internal Server Error: /123
ERROR 2022-04-03 01:05:17,402 log Internal Server Error: /favicon.ico
ERROR 2022-04-03 01:05:18,171 log Internal Server Error: /123
ERROR 2022-04-03 01:05:18,246 log Internal Server Error: /favicon.ico
ERROR 2022-04-03 01:06:29,796 log Internal Server Error: /123
ERROR 2022-04-03 01:06:29,874 log Internal Server Error: /favicon.ico
ERROR 2022-04-03 01:06:30,427 log Internal Server Error: /123
ERROR 2022-04-03 01:06:30,511 log Internal Server Error: /favicon.ico
ERROR 2022-04-03 01:06:40,419 log Internal Server Error: /123
ERROR 2022-04-03 01:06:40,496 log Internal Server Error: /favicon.ico
ERROR 2022-04-03 01:06:41,012 log Internal Server Error: /123
ERROR 2022-04-03 01:06:41,101 log Internal Server Error: /favicon.ico
ERROR 2022-04-03 01:08:35,650 log Internal Server Error: /123
ERROR 2022-04-03 01:08:35,703 log Internal Server Error: /static/error_pages/404.css
ERROR 2022-04-03 01:08:35,746 log Internal Server Error: /favicon.ico
ERROR 2022-04-03 01:08:36,615 log Internal Server Error: /123
ERROR 2022-04-03 01:08:36,667 log Internal Server Error: /static/error_pages/404.css
ERROR 2022-04-03 01:08:36,696 log Internal Server Error: /favicon.ico
ERROR 2022-04-03 01:09:10,694 log Internal Server Error: /123
ERROR 2022-04-03 01:09:10,743 log Internal Server Error: /static/error_pages/404.css
ERROR 2022-04-03 01:09:10,823 log Internal Server Error: /favicon.ico
ERROR 2022-04-03 01:09:11,260 log Internal Server Error: /123
ERROR 2022-04-03 01:09:11,324 log Internal Server Error: /static/error_pages/404.css
ERROR 2022-04-03 01:09:11,364 log Internal Server Error: /favicon.ico
ERROR 2022-04-03 01:09:11,505 log Internal Server Error: /123
ERROR 2022-04-03 01:09:11,551 log Internal Server Error: /static/error_pages/404.css
ERROR 2022-04-03 01:09:11,594 log Internal Server Error: /favicon.ico
ERROR 2022-04-03 01:09:11,785 log Internal Server Error: /123
ERROR 2022-04-03 01:09:11,839 log Internal Server Error: /static/error_pages/404.css
ERROR 2022-04-03 01:09:11,863 log Internal Server Error: /favicon.ico
ERROR 2022-04-03 01:10:42,131 log Internal Server Error: /123
ERROR 2022-04-03 01:10:42,196 log Internal Server Error: /static/error_pages/404.css
ERROR 2022-04-03 01:10:42,240 log Internal Server Error: /favicon.ico
ERROR 2022-04-03 01:10:42,949 log Internal Server Error: /123
ERROR 2022-04-03 01:10:43,024 log Internal Server Error: /static/error_pages/404.css
ERROR 2022-04-03 01:10:43,069 log Internal Server Error: /favicon.ico
ERROR 2022-04-03 01:10:56,890 log Internal Server Error: /123
ERROR 2022-04-03 01:10:56,950 log Internal Server Error: /static/error_pages/404.css
ERROR 2022-04-03 01:10:56,994 log Internal Server Error: /favicon.ico
ERROR 2022-04-03 01:11:34,912 log Internal Server Error: /static/error_pages/404.css
ERROR 2022-04-03 01:11:34,975 log Internal Server Error: /favicon.ico
ERROR 2022-04-03 01:11:38,319 log Internal Server Error: /123
ERROR 2022-04-03 01:11:38,380 log Internal Server Error: /static/error_pages/404.css
ERROR 2022-04-03 01:11:38,417 log Internal Server Error: /favicon.ico
ERROR 2022-04-03 01:11:38,860 log Internal Server Error: /123
ERROR 2022-04-03 01:11:38,925 log Internal Server Error: /static/error_pages/404.css
ERROR 2022-04-03 01:11:38,961 log Internal Server Error: /favicon.ico
ERROR 2022-04-03 01:14:33,326 log Internal Server Error: /123
ERROR 2022-04-03 01:14:33,461 log Internal Server Error: /static/error_pages/404.css
ERROR 2022-04-03 01:14:33,580 log Internal Server Error: /favicon.ico
ERROR 2022-04-03 01:15:01,502 log Internal Server Error: /123
ERROR 2022-04-03 01:15:01,602 log Internal Server Error: /static/404.css
ERROR 2022-04-03 01:15:01,640 log Internal Server Error: /favicon.ico
ERROR 2022-04-03 01:15:02,090 log Internal Server Error: /123
ERROR 2022-04-03 01:15:02,159 log Internal Server Error: /static/404.css
ERROR 2022-04-03 01:15:02,178 log Internal Server Error: /favicon.ico
ERROR 2022-04-03 01:15:03,309 log Internal Server Error: /123
ERROR 2022-04-03 01:15:03,364 log Internal Server Error: /static/404.css
ERROR 2022-04-03 01:15:03,406 log Internal Server Error: /favicon.ico
ERROR 2022-04-03 01:16:27,408 log Internal Server Error: /rou
ERROR 2022-04-03 01:16:27,488 log Internal Server Error: /static/error_pages/404.css
ERROR 2022-04-03 01:16:27,554 log Internal Server Error: /favicon.ico
ERROR 2022-04-03 01:17:03,277 log Internal Server Error: /rou
ERROR 2022-04-03 01:17:03,341 log Internal Server Error: /static/error_pages/404.css
ERROR 2022-04-03 01:17:03,374 log Internal Server Error: /favicon.ico
ERROR 2022-04-03 01:17:03,808 log Internal Server Error: /rou
ERROR 2022-04-03 01:17:03,854 log Internal Server Error: /static/error_pages/404.css
ERROR 2022-04-03 01:17:03,879 log Internal Server Error: /favicon.ico
ERROR 2022-04-03 01:17:04,249 log Internal Server Error: /rou
ERROR 2022-04-03 01:17:04,325 log Internal Server Error: /static/error_pages/404.css
ERROR 2022-04-03 01:17:04,353 log Internal Server Error: /favicon.ico
ERROR 2022-04-03 01:18:09,081 log Internal Server Error: /rou
ERROR 2022-04-03 01:18:09,121 log Internal Server Error: /static/error_pages/404.css
ERROR 2022-04-03 01:18:09,154 log Internal Server Error: /favicon.ico
ERROR 2022-04-03 01:18:09,719 log Internal Server Error: /rou
ERROR 2022-04-03 01:18:09,822 log Internal Server Error: /static/error_pages/404.css
ERROR 2022-04-03 01:18:09,857 log Internal Server Error: /favicon.ico
ERROR 2022-04-03 01:18:10,059 log Internal Server Error: /rou
ERROR 2022-04-03 01:18:10,091 log Internal Server Error: /static/error_pages/404.css
ERROR 2022-04-03 01:18:10,157 log Internal Server Error: /favicon.ico
ERROR 2022-04-03 01:18:23,216 log Internal Server Error: /static/error_pages/404.css
ERROR 2022-04-03 01:18:53,651 log Internal Server Error: /rou
ERROR 2022-04-03 01:18:53,757 log Internal Server Error: /static/error_pages/404.css
ERROR 2022-04-03 01:18:53,844 log Internal Server Error: /favicon.ico
ERROR 2022-04-03 01:18:54,481 log Internal Server Error: /rou
ERROR 2022-04-03 01:18:54,526 log Internal Server Error: /static/error_pages/404.css
ERROR 2022-04-03 01:18:54,571 log Internal Server Error: /favicon.ico
ERROR 2022-04-03 01:19:40,368 log Internal Server Error: /static/error_pages/404.css
ERROR 2022-04-03 01:19:40,475 log Internal Server Error: /static/error_pages/404.css
ERROR 2022-04-03 01:19:40,524 log Internal Server Error: /favicon.ico
ERROR 2022-04-03 01:19:46,507 log Internal Server Error: /static/error_pages/40.css
ERROR 2022-04-03 01:19:46,584 log Internal Server Error: /static/error_pages/404.css
ERROR 2022-04-03 01:19:46,638 log Internal Server Error: /favicon.ico
ERROR 2022-04-03 01:19:48,467 log Internal Server Error: /favicon.ico
ERROR 2022-04-03 01:20:04,839 log Internal Server Error: /st
ERROR 2022-04-03 01:20:04,922 log Internal Server Error: /static/error_pages/404.css
ERROR 2022-04-03 01:20:04,968 log Internal Server Error: /favicon.ico
ERROR 2022-04-03 01:20:21,242 log Internal Server Error: /st
ERROR 2022-04-03 01:20:21,298 log Internal Server Error: /static/error_pages/404.css
ERROR 2022-04-03 01:20:21,331 log Internal Server Error: /favicon.ico
ERROR 2022-04-03 01:20:21,920 log Internal Server Error: /st
ERROR 2022-04-03 01:20:21,968 log Internal Server Error: /static/error_pages/404.css
ERROR 2022-04-03 01:20:22,007 log Internal Server Error: /favicon.ico
ERROR 2022-04-03 01:20:22,459 log Internal Server Error: /st
ERROR 2022-04-03 01:20:22,504 log Internal Server Error: /static/error_pages/404.css
ERROR 2022-04-03 01:20:22,558 log Internal Server Error: /favicon.ico
ERROR 2022-04-03 01:22:06,595 log Internal Server Error: /st
ERROR 2022-04-03 01:22:06,641 log Internal Server Error: /static/error_pages/404.css
ERROR 2022-04-03 01:22:06,667 log Internal Server Error: /favicon.ico
ERROR 2022-04-03 01:22:07,155 log Internal Server Error: /st
ERROR 2022-04-03 01:22:07,214 log Internal Server Error: /static/error_pages/404.css
ERROR 2022-04-03 01:22:07,277 log Internal Server Error: /favicon.ico
ERROR 2022-04-03 01:23:15,058 log Internal Server Error: /st
ERROR 2022-04-03 01:23:15,469 log Internal Server Error: /favicon.ico
ERROR 2022-04-03 01:23:16,240 log Internal Server Error: /st
ERROR 2022-04-03 01:23:16,348 log Internal Server Error: /favicon.ico
ERROR 2022-04-03 01:26:36,464 log Internal Server Error: /st
ERROR 2022-04-03 01:26:36,668 log Internal Server Error: /favicon.ico
ERROR 2022-04-03 01:26:37,194 log Internal Server Error: /st
ERROR 2022-04-03 01:26:37,297 log Internal Server Error: /favicon.ico
ERROR 2022-04-03 01:27:38,416 log Internal Server Error: /st
ERROR 2022-04-03 01:27:38,513 log Internal Server Error: /img/emoji.png
ERROR 2022-04-03 01:27:38,542 log Internal Server Error: /favicon.ico
ERROR 2022-04-03 01:27:39,070 log Internal Server Error: /st
ERROR 2022-04-03 01:27:39,193 log Internal Server Error: /favicon.ico
ERROR 2022-04-03 01:27:40,211 log Internal Server Error: /st
ERROR 2022-04-03 01:27:40,293 log Internal Server Error: /favicon.ico
ERROR 2022-04-03 01:27:44,036 log Internal Server Error: /st
ERROR 2022-04-03 01:27:44,146 log Internal Server Error: /favicon.ico
ERROR 2022-04-03 01:27:44,603 log Internal Server Error: /st
ERROR 2022-04-03 01:27:44,737 log Internal Server Error: /favicon.ico
ERROR 2022-04-03 01:27:51,908 log Internal Server Error: /st
ERROR 2022-04-03 01:27:52,028 log Internal Server Error: /favicon.ico
ERROR 2022-04-03 01:27:52,578 log Internal Server Error: /st
ERROR 2022-04-03 01:27:52,700 log Internal Server Error: /favicon.ico
ERROR 2022-04-03 01:28:27,371 log Internal Server Error: /st
ERROR 2022-04-03 01:28:27,499 log Internal Server Error: /favicon.ico
ERROR 2022-04-03 01:28:28,684 log Internal Server Error: /favicon.ico
ERROR 2022-04-03 01:28:29,845 log Internal Server Error: /favicon.ico
ERROR 2022-04-03 01:30:19,156 log Internal Server Error: /st
ERROR 2022-04-03 01:30:19,256 log Internal Server Error: /favicon.ico
ERROR 2022-04-03 01:30:20,075 log Internal Server Error: /st
ERROR 2022-04-03 01:30:20,176 log Internal Server Error: /favicon.ico
ERROR 2022-04-03 01:30:28,842 log Internal Server Error: /st
ERROR 2022-04-03 01:30:28,928 log Internal Server Error: /favicon.ico
ERROR 2022-04-03 01:30:29,666 log Internal Server Error: /st
ERROR 2022-04-03 01:30:29,757 log Internal Server Error: /favicon.ico
ERROR 2022-04-03 01:30:30,384 log Internal Server Error: /st
ERROR 2022-04-03 01:30:30,481 log Internal Server Error: /favicon.ico
